<?xml version="1.0" encoding="UTF-8"?>
<!-- Generated by org.testng.reporters.JUnitXMLReporter -->
<testsuite ignored="0" hostname="ReshmaTS" failures="0" tests="6" name="firefoxTest" time="18697.718" errors="0" timestamp="2025-11-24T17:01:12 EST">
  <testcase classname="testScript.LoginTest" name="verifyLoginWithValidCredentials" time="0.0">
    <skipped/>
  </testcase> <!-- verifyLoginWithValidCredentials -->
  <testcase classname="testScript.LoginTest" name="verifyInvalidusernamevalidPass" time="0.0">
    <skipped/>
  </testcase> <!-- verifyInvalidusernamevalidPass -->
  <testcase classname="testScript.LoginTest" name="verifyValidusernameInvalidPassword" time="0.0">
    <skipped/>
  </testcase> <!-- verifyValidusernameInvalidPassword -->
  <testcase classname="testScript.LoginTest" name="verifyInvalidusernameInvalidpassword" time="0.001">
    <skipped/>
  </testcase> <!-- verifyInvalidusernameInvalidpassword -->
  <testcase classname="testScript.LoginTest" name="verifyInvalidusernameInvalidpassword" time="0.0">
    <skipped/>
  </testcase> <!-- verifyInvalidusernameInvalidpassword -->
  <testcase classname="testScript.LoginTest" name="verifyInvalidusernameInvalidpassword" time="0.0">
    <skipped/>
  </testcase> <!-- verifyInvalidusernameInvalidpassword -->
</testsuite> <!-- firefoxTest -->
