<?xml version="1.0" encoding="UTF-8"?>
<!-- Generated by org.testng.reporters.JUnitXMLReporter -->
<testsuite ignored="3" hostname="ReshmaTS" failures="0" tests="1" name="Test" time="28.114" errors="0" timestamp="2025-11-17T21:51:22 EST">
  <testcase classname="testScript.NewsTest" name="verifyManageNews" time="10.151"/>
  <testcase classname="testScript.NewsTest" name="verifyResetinmanageNews" time="0.0">
    <ignored/>
  </testcase> <!-- verifyResetinmanageNews -->
  <testcase classname="testScript.NewsTest" name="searchNews" time="0.0">
    <ignored/>
  </testcase> <!-- searchNews -->
  <testcase classname="testScript.NewsTest" name="verifyBacktoHomeFromManageNews" time="0.0">
    <ignored/>
  </testcase> <!-- verifyBacktoHomeFromManageNews -->
</testsuite> <!-- Test -->
