<?xml version="1.0" encoding="UTF-8"?>
<!-- Generated by org.testng.reporters.JUnitReportReporter -->
<testsuite hostname="ReshmaTS" failures="0" tests="4" name="testScript.NewsTest" time="27.610" errors="0" timestamp="2025-11-24T17:04:09 EST" skipped="0">
  <testcase classname="testScript.NewsTest" name="verifyManageNews" time="8.453"/>
  <testcase classname="testScript.NewsTest" name="searchNews" time="6.270"/>
  <testcase classname="testScript.NewsTest" name="verifyBacktoHomeFromManageNews" time="6.679"/>
  <testcase classname="testScript.NewsTest" name="verifyResetinmanageNews" time="6.208"/>
</testsuite> <!-- testScript.NewsTest -->
