<?xml version="1.0" encoding="UTF-8"?>
<!-- Generated by org.testng.reporters.JUnitReportReporter -->
<testsuite hostname="ReshmaTS" failures="0" tests="4" name="testScript.NewsTest" time="30.883" errors="0" timestamp="2025-11-10T17:35:36 EST" skipped="0">
  <testcase classname="testScript.NewsTest" name="verifyManageNews" time="9.176"/>
  <testcase classname="testScript.NewsTest" name="searchNews" time="9.254"/>
  <testcase classname="testScript.NewsTest" name="verifyBacktoHomeFromManageNews" time="6.390"/>
  <testcase classname="testScript.NewsTest" name="verifyResetinmanageNews" time="6.063"/>
</testsuite> <!-- testScript.NewsTest -->
