<?xml version="1.0" encoding="UTF-8"?>
<!-- Generated by org.testng.reporters.JUnitReportReporter -->
<testsuite hostname="ReshmaTS" failures="0" tests="6" name="testScript.LoginTest" time="27.646" errors="0" timestamp="2025-11-24T17:04:09 EST" skipped="0">
  <testcase classname="testScript.LoginTest" name="verifyLoginWithValidCredentials" time="5.100"/>
  <testcase classname="testScript.LoginTest" name="verifyValidusernameInvalidPassword" time="4.387"/>
  <testcase classname="testScript.LoginTest" name="verifyInvalidusernamevalidPass" time="4.546"/>
  <testcase classname="testScript.LoginTest" name="verifyInvalidusernameInvalidpassword" time="4.424"/>
  <testcase classname="testScript.LoginTest" name="verifyInvalidusernameInvalidpassword" time="4.777"/>
  <testcase classname="testScript.LoginTest" name="verifyInvalidusernameInvalidpassword" time="4.412"/>
</testsuite> <!-- testScript.LoginTest -->
