<?xml version="1.0" encoding="UTF-8"?>
<!-- Generated by org.testng.reporters.JUnitReportReporter -->
<testsuite hostname="ReshmaTS" failures="0" tests="4" name="testScript.LoginTest" time="27.138" errors="0" timestamp="2025-11-08T23:59:20 EST" skipped="0">
  <testcase classname="testScript.LoginTest" name="verifyLoginWithValidCredentials" time="8.047"/>
  <testcase classname="testScript.LoginTest" name="verifyValidusernameInvalidPassword" time="6.053"/>
  <testcase classname="testScript.LoginTest" name="verifyInvalidusernamevalidPass" time="7.091"/>
  <testcase classname="testScript.LoginTest" name="verifyInvalidusernameInvalidpassword" time="5.947"/>
</testsuite> <!-- testScript.LoginTest -->
