<?xml version="1.0" encoding="UTF-8"?>
<!-- Generated by org.testng.reporters.JUnitXMLReporter -->
<testsuite ignored="0" hostname="ReshmaTS" failures="0" tests="12" name="ChromeTest" time="122.893" errors="0" timestamp="2025-11-24T11:31:12 EST">
  <testcase classname="testScript.HomeTest" name="adminLogout" time="9.087"/>
  <testcase classname="testScript.LoginTest" name="verifyLoginWithValidCredentials" time="4.928"/>
  <testcase classname="testScript.LoginTest" name="verifyValidusernameInvalidPassword" time="0.733"/>
  <testcase classname="testScript.LoginTest" name="verifyInvalidusernamevalidPass" time="1.302"/>
  <testcase classname="testScript.LoginTest" name="verifyInvalidusernameInvalidpassword" time="0.687"/>
  <testcase classname="testScript.LoginTest" name="verifyInvalidusernameInvalidpassword" time="0.682"/>
  <testcase classname="testScript.LoginTest" name="verifyInvalidusernameInvalidpassword" time="0.682"/>
  <testcase classname="testScript.AdminTest" name="verifyAdminTest" time="4.608"/>
  <testcase classname="testScript.NewsTest" name="verifyManageNews" time="4.989"/>
  <testcase classname="testScript.NewsTest" name="searchNews" time="2.749"/>
  <testcase classname="testScript.NewsTest" name="verifyBacktoHomeFromManageNews" time="6.006"/>
  <testcase classname="testScript.NewsTest" name="verifyResetinmanageNews" time="3.027"/>
</testsuite> <!-- ChromeTest -->
