<?xml version="1.0" encoding="UTF-8"?>
<!-- Generated by org.testng.reporters.JUnitXMLReporter -->
<testsuite ignored="0" hostname="ReshmaTS" failures="0" tests="12" name="ChromeTest" time="128.726" errors="0" timestamp="2025-11-18T21:16:05 EST">
  <testcase classname="testScript.HomeTest" name="adminLogout" time="5.417"/>
  <testcase classname="testScript.LoginTest" name="verifyLoginWithValidCredentials" time="2.691"/>
  <testcase classname="testScript.LoginTest" name="verifyValidusernameInvalidPassword" time="0.907"/>
  <testcase classname="testScript.LoginTest" name="verifyInvalidusernamevalidPass" time="2.081"/>
  <testcase classname="testScript.LoginTest" name="verifyInvalidusernameInvalidpassword" time="0.864"/>
  <testcase classname="testScript.LoginTest" name="verifyInvalidusernameInvalidpassword" time="0.789"/>
  <testcase classname="testScript.LoginTest" name="verifyInvalidusernameInvalidpassword" time="0.725"/>
  <testcase classname="testScript.AdminTest" name="verifyAdminTest" time="5.569"/>
  <testcase classname="testScript.NewsTest" name="verifyManageNews" time="5.472"/>
  <testcase classname="testScript.NewsTest" name="searchNews" time="7.575"/>
  <testcase classname="testScript.NewsTest" name="verifyBacktoHomeFromManageNews" time="6.683"/>
  <testcase classname="testScript.NewsTest" name="verifyResetinmanageNews" time="7.674"/>
</testsuite> <!-- ChromeTest -->
