<?xml version="1.0" encoding="UTF-8"?>
<!-- Generated by org.testng.reporters.JUnitXMLReporter -->
<testsuite ignored="0" hostname="ReshmaTS" failures="0" tests="12" name="FireFoxTest" time="181.39" errors="0" timestamp="2025-11-18T21:19:06 EST">
  <testcase classname="testScript.HomeTest" name="adminLogout" time="3.228"/>
  <testcase classname="testScript.LoginTest" name="verifyLoginWithValidCredentials" time="3.361"/>
  <testcase classname="testScript.LoginTest" name="verifyValidusernameInvalidPassword" time="0.678"/>
  <testcase classname="testScript.LoginTest" name="verifyInvalidusernamevalidPass" time="0.717"/>
  <testcase classname="testScript.LoginTest" name="verifyInvalidusernameInvalidpassword" time="0.593"/>
  <testcase classname="testScript.LoginTest" name="verifyInvalidusernameInvalidpassword" time="0.591"/>
  <testcase classname="testScript.LoginTest" name="verifyInvalidusernameInvalidpassword" time="0.605"/>
  <testcase classname="testScript.AdminTest" name="verifyAdminTest" time="4.118"/>
  <testcase classname="testScript.NewsTest" name="verifyManageNews" time="7.781"/>
  <testcase classname="testScript.NewsTest" name="searchNews" time="5.028"/>
  <testcase classname="testScript.NewsTest" name="verifyBacktoHomeFromManageNews" time="6.482"/>
  <testcase classname="testScript.NewsTest" name="verifyResetinmanageNews" time="3.063"/>
</testsuite> <!-- FireFoxTest -->
