<?xml version="1.0" encoding="UTF-8"?>
<!-- Generated by org.testng.reporters.JUnitXMLReporter -->
<testsuite ignored="0" hostname="ReshmaTS" failures="0" tests="12" name="FireFoxTest" time="177.636" errors="0" timestamp="2025-11-24T11:34:09 EST">
  <testcase classname="testScript.HomeTest" name="adminLogout" time="3.885"/>
  <testcase classname="testScript.LoginTest" name="verifyLoginWithValidCredentials" time="2.254"/>
  <testcase classname="testScript.LoginTest" name="verifyValidusernameInvalidPassword" time="0.69"/>
  <testcase classname="testScript.LoginTest" name="verifyInvalidusernamevalidPass" time="0.588"/>
  <testcase classname="testScript.LoginTest" name="verifyInvalidusernameInvalidpassword" time="1.084"/>
  <testcase classname="testScript.LoginTest" name="verifyInvalidusernameInvalidpassword" time="0.523"/>
  <testcase classname="testScript.LoginTest" name="verifyInvalidusernameInvalidpassword" time="0.549"/>
  <testcase classname="testScript.AdminTest" name="verifyAdminTest" time="5.279"/>
  <testcase classname="testScript.NewsTest" name="verifyManageNews" time="6.144"/>
  <testcase classname="testScript.NewsTest" name="searchNews" time="4.569"/>
  <testcase classname="testScript.NewsTest" name="verifyBacktoHomeFromManageNews" time="4.165"/>
  <testcase classname="testScript.NewsTest" name="verifyResetinmanageNews" time="3.367"/>
</testsuite> <!-- FireFoxTest -->
