<?xml version="1.0" encoding="UTF-8"?>
<!-- Generated by org.testng.reporters.JUnitXMLReporter -->
<testsuite ignored="0" hostname="ReshmaTS" failures="0" tests="12" name="Test" time="70.4" errors="0" timestamp="2025-11-24T17:04:09 EST">
  <testcase classname="testScript.HomeTest" name="adminLogout" time="1.905"/>
  <testcase classname="testScript.LoginTest" name="verifyLoginWithValidCredentials" time="1.628"/>
  <testcase classname="testScript.LoginTest" name="verifyValidusernameInvalidPassword" time="0.771"/>
  <testcase classname="testScript.LoginTest" name="verifyInvalidusernamevalidPass" time="1.029"/>
  <testcase classname="testScript.LoginTest" name="verifyInvalidusernameInvalidpassword" time="0.798"/>
  <testcase classname="testScript.LoginTest" name="verifyInvalidusernameInvalidpassword" time="0.968"/>
  <testcase classname="testScript.LoginTest" name="verifyInvalidusernameInvalidpassword" time="0.82"/>
  <testcase classname="testScript.AdminTest" name="verifyAdminTest" time="4.733"/>
  <testcase classname="testScript.NewsTest" name="verifyManageNews" time="5.046"/>
  <testcase classname="testScript.NewsTest" name="searchNews" time="2.681"/>
  <testcase classname="testScript.NewsTest" name="verifyBacktoHomeFromManageNews" time="3.033"/>
  <testcase classname="testScript.NewsTest" name="verifyResetinmanageNews" time="2.692"/>
</testsuite> <!-- Test -->
