<?xml version="1.0" encoding="UTF-8"?>
<testng-results ignored="0" total="1" passed="1" failed="0" skipped="0">
  <reporter-output>
  </reporter-output>
  <suite started-at="2025-11-11T21:59:19 EST" name="Default suite" finished-at="2025-11-11T21:59:27 EST" duration-ms="7904">
    <groups>
    </groups>
    <test started-at="2025-11-11T21:59:19 EST" name="Default test" finished-at="2025-11-11T21:59:27 EST" duration-ms="7904">
      <class name="testScript.NewsTest">
        <test-method is-config="true" signature="initializeBrowser()[pri:0, instance:testScript.NewsTest@368f2016]" started-at="2025-11-11T21:59:19 EST" name="initializeBrowser" finished-at="2025-11-11T21:59:23 EST" duration-ms="3977" status="PASS">
          <reporter-output>
          </reporter-output>
        </test-method> <!-- initializeBrowser -->
        <test-method signature="verifyResetinmanageNews()[pri:4, instance:testScript.NewsTest@368f2016]" started-at="2025-11-11T21:59:23 EST" name="verifyResetinmanageNews" description="Verify that Reset button reloads the current page successfully" finished-at="2025-11-11T21:59:27 EST" duration-ms="3875" status="PASS">
          <reporter-output>
          </reporter-output>
        </test-method> <!-- verifyResetinmanageNews -->
        <test-method is-config="true" signature="closeBrowser()[pri:0, instance:testScript.NewsTest@368f2016]" started-at="2025-11-11T21:59:27 EST" name="closeBrowser" finished-at="2025-11-11T21:59:27 EST" duration-ms="0" status="PASS">
          <reporter-output>
          </reporter-output>
        </test-method> <!-- closeBrowser -->
      </class> <!-- testScript.NewsTest -->
    </test> <!-- Default test -->
  </suite> <!-- Default suite -->
</testng-results>
