<?xml version="1.0" encoding="UTF-8"?>
<!-- Generated by org.testng.reporters.JUnitXMLReporter -->
<testsuite ignored="3" hostname="ReshmaTS" failures="0" tests="1" name="Default test" time="7.904" errors="0" timestamp="2025-11-11T21:59:27 EST">
  <testcase classname="testScript.NewsTest" name="verifyResetinmanageNews" time="3.875"/>
  <testcase classname="testScript.NewsTest" name="verifyManageNews" time="0.0">
    <ignored/>
  </testcase> <!-- verifyManageNews -->
  <testcase classname="testScript.NewsTest" name="searchNews" time="0.0">
    <ignored/>
  </testcase> <!-- searchNews -->
  <testcase classname="testScript.NewsTest" name="verifyBacktoHomeFromManageNews" time="0.0">
    <ignored/>
  </testcase> <!-- verifyBacktoHomeFromManageNews -->
</testsuite> <!-- Default test -->
