<?xml version="1.0" encoding="UTF-8"?>
<!-- Generated by org.testng.reporters.JUnitXMLReporter -->
<testsuite ignored="3" hostname="ReshmaTS" failures="0" tests="1" name="Default test" time="12.527" errors="0" timestamp="2025-11-10T10:08:55 EST">
  <testcase classname="testScript.LoginTest" name="verifyLoginWithValidCredentials" time="4.531"/>
  <testcase classname="testScript.LoginTest" name="verifyInvalidusernamevalidPass" time="0.0">
    <ignored/>
  </testcase> <!-- verifyInvalidusernamevalidPass -->
  <testcase classname="testScript.LoginTest" name="verifyInvalidusernameInvalidpassword" time="0.0">
    <ignored/>
  </testcase> <!-- verifyInvalidusernameInvalidpassword -->
  <testcase classname="testScript.LoginTest" name="verifyValidusernameInvalidPassword" time="0.0">
    <ignored/>
  </testcase> <!-- verifyValidusernameInvalidPassword -->
</testsuite> <!-- Default test -->
